-- Install configuration: ""
-- Execute custom install script
-- Up-to-date symlink: /home/huy/Real_Robot/install/real_robot/share/real_robot/config/my_lidar_2d.lua
-- Symlinking: /home/huy/Real_Robot/install/real_robot/share/real_robot/config/my_lidar_2d_load.lua
-- Up-to-date symlink: /home/huy/Real_Robot/install/real_robot/share/real_robot/config/nav2_params.yaml
-- Up-to-date symlink: /home/huy/Real_Robot/install/real_robot/share/real_robot/config/twist_mux.yaml
-- Up-to-date symlink: /home/huy/Real_Robot/install/real_robot/share/real_robot/description/gazebo_control.xacro
-- Up-to-date symlink: /home/huy/Real_Robot/install/real_robot/share/real_robot/description/inertial_macros.xacro
-- Up-to-date symlink: /home/huy/Real_Robot/install/real_robot/share/real_robot/description/lidar.xacro
-- Up-to-date symlink: /home/huy/Real_Robot/install/real_robot/share/real_robot/description/robot.urdf.xacro
-- Up-to-date symlink: /home/huy/Real_Robot/install/real_robot/share/real_robot/description/robot_core.xacro
-- Up-to-date symlink: /home/huy/Real_Robot/install/real_robot/share/real_robot/launch/cartographer.launch.py
-- Up-to-date symlink: /home/huy/Real_Robot/install/real_robot/share/real_robot/launch/launch_gazebo.py
-- Up-to-date symlink: /home/huy/Real_Robot/install/real_robot/share/real_robot/launch/launch_rviz2.py
-- Up-to-date symlink: /home/huy/Real_Robot/install/real_robot/share/real_robot/launch/navigation_launch.py
-- Up-to-date symlink: /home/huy/Real_Robot/install/real_robot/share/real_robot/launch/rsp.launch.py
-- Up-to-date symlink: /home/huy/Real_Robot/install/real_robot/share/real_robot/launch/twist_mux.kaunch.py
-- Symlinking: /home/huy/Real_Robot/install/real_robot/share/real_robot/rviz2/real_robot.rviz
-- Up-to-date symlink: /home/huy/Real_Robot/install/real_robot/share/ament_index/resource_index/package_run_dependencies/real_robot
-- Up-to-date symlink: /home/huy/Real_Robot/install/real_robot/share/ament_index/resource_index/parent_prefix_path/real_robot
-- Up-to-date symlink: /home/huy/Real_Robot/install/real_robot/share/real_robot/environment/ament_prefix_path.sh
-- Up-to-date symlink: /home/huy/Real_Robot/install/real_robot/share/real_robot/environment/ament_prefix_path.dsv
-- Up-to-date symlink: /home/huy/Real_Robot/install/real_robot/share/real_robot/environment/path.sh
-- Up-to-date symlink: /home/huy/Real_Robot/install/real_robot/share/real_robot/environment/path.dsv
-- Up-to-date symlink: /home/huy/Real_Robot/install/real_robot/share/real_robot/local_setup.bash
-- Up-to-date symlink: /home/huy/Real_Robot/install/real_robot/share/real_robot/local_setup.sh
-- Up-to-date symlink: /home/huy/Real_Robot/install/real_robot/share/real_robot/local_setup.zsh
-- Up-to-date symlink: /home/huy/Real_Robot/install/real_robot/share/real_robot/local_setup.dsv
-- Symlinking: /home/huy/Real_Robot/install/real_robot/share/real_robot/package.dsv
-- Up-to-date symlink: /home/huy/Real_Robot/install/real_robot/share/ament_index/resource_index/packages/real_robot
-- Up-to-date symlink: /home/huy/Real_Robot/install/real_robot/share/real_robot/cmake/real_robotConfig.cmake
-- Up-to-date symlink: /home/huy/Real_Robot/install/real_robot/share/real_robot/cmake/real_robotConfig-version.cmake
-- Up-to-date symlink: /home/huy/Real_Robot/install/real_robot/share/real_robot/package.xml
