[0.008s] Invoking command in '/home/huy/Real_Robot/build/real_robot': CMAKE_PREFIX_PATH=${CMAKE_PREFIX_PATH}:/opt/ros/humble /usr/bin/cmake --build /home/huy/Real_Robot/build/real_robot -- -j12 -l12
[0.033s] Invoked command in '/home/huy/Real_Robot/build/real_robot' returned '0': CMAKE_PREFIX_PATH=${CMAKE_PREFIX_PATH}:/opt/ros/humble /usr/bin/cmake --build /home/huy/Real_Robot/build/real_robot -- -j12 -l12
[0.040s] Invoking command in '/home/huy/Real_Robot/build/real_robot': CMAKE_PREFIX_PATH=${CMAKE_PREFIX_PATH}:/opt/ros/humble /usr/bin/cmake --install /home/huy/Real_Robot/build/real_robot
[0.045s] -- Install configuration: ""
[0.045s] -- Execute custom install script
[0.046s] -- Up-to-date symlink: /home/huy/Real_Robot/install/real_robot/share/real_robot/config/my_lidar_2d.lua
[0.046s] -- Up-to-date symlink: /home/huy/Real_Robot/install/real_robot/share/real_robot/config/my_lidar_2d_load.lua
[0.046s] -- Up-to-date symlink: /home/huy/Real_Robot/install/real_robot/share/real_robot/config/nav2_params.yaml
[0.046s] -- Up-to-date symlink: /home/huy/Real_Robot/install/real_robot/share/real_robot/config/twist_mux.yaml
[0.046s] -- Up-to-date symlink: /home/huy/Real_Robot/install/real_robot/share/real_robot/description/gazebo_control.xacro
[0.046s] -- Up-to-date symlink: /home/huy/Real_Robot/install/real_robot/share/real_robot/description/inertial_macros.xacro
[0.046s] -- Up-to-date symlink: /home/huy/Real_Robot/install/real_robot/share/real_robot/description/lidar.xacro
[0.046s] -- Up-to-date symlink: /home/huy/Real_Robot/install/real_robot/share/real_robot/description/robot.urdf.xacro
[0.046s] -- Up-to-date symlink: /home/huy/Real_Robot/install/real_robot/share/real_robot/description/robot_core.xacro
[0.046s] -- Up-to-date symlink: /home/huy/Real_Robot/install/real_robot/share/real_robot/launch/cartographer.launch.py
[0.046s] -- Up-to-date symlink: /home/huy/Real_Robot/install/real_robot/share/real_robot/launch/launch_gazebo.py
[0.046s] -- Up-to-date symlink: /home/huy/Real_Robot/install/real_robot/share/real_robot/launch/launch_rviz2.py
[0.046s] -- Up-to-date symlink: /home/huy/Real_Robot/install/real_robot/share/real_robot/launch/navigation_launch.py
[0.047s] -- Up-to-date symlink: /home/huy/Real_Robot/install/real_robot/share/real_robot/launch/rsp.launch.py
[0.047s] -- Symlinking: /home/huy/Real_Robot/install/real_robot/share/real_robot/launch/twist_mux.launch.py
[0.052s] -- Up-to-date symlink: /home/huy/Real_Robot/install/real_robot/share/real_robot/rviz2/real_robot.rviz
[0.053s] -- Up-to-date symlink: /home/huy/Real_Robot/install/real_robot/share/ament_index/resource_index/package_run_dependencies/real_robot
[0.053s] -- Up-to-date symlink: /home/huy/Real_Robot/install/real_robot/share/ament_index/resource_index/parent_prefix_path/real_robot
[0.053s] -- Up-to-date symlink: /home/huy/Real_Robot/install/real_robot/share/real_robot/environment/ament_prefix_path.sh
[0.053s] -- Up-to-date symlink: /home/huy/Real_Robot/install/real_robot/share/real_robot/environment/ament_prefix_path.dsv
[0.053s] -- Up-to-date symlink: /home/huy/Real_Robot/install/real_robot/share/real_robot/environment/path.sh
[0.053s] -- Up-to-date symlink: /home/huy/Real_Robot/install/real_robot/share/real_robot/environment/path.dsv
[0.053s] -- Up-to-date symlink: /home/huy/Real_Robot/install/real_robot/share/real_robot/local_setup.bash
[0.053s] -- Up-to-date symlink: /home/huy/Real_Robot/install/real_robot/share/real_robot/local_setup.sh
[0.053s] -- Up-to-date symlink: /home/huy/Real_Robot/install/real_robot/share/real_robot/local_setup.zsh
[0.053s] -- Up-to-date symlink: /home/huy/Real_Robot/install/real_robot/share/real_robot/local_setup.dsv
[0.053s] -- Symlinking: /home/huy/Real_Robot/install/real_robot/share/real_robot/package.dsv
[0.059s] -- Up-to-date symlink: /home/huy/Real_Robot/install/real_robot/share/ament_index/resource_index/packages/real_robot
[0.059s] -- Up-to-date symlink: /home/huy/Real_Robot/install/real_robot/share/real_robot/cmake/real_robotConfig.cmake
[0.059s] -- Up-to-date symlink: /home/huy/Real_Robot/install/real_robot/share/real_robot/cmake/real_robotConfig-version.cmake
[0.059s] -- Up-to-date symlink: /home/huy/Real_Robot/install/real_robot/share/real_robot/package.xml
[0.061s] Invoked command in '/home/huy/Real_Robot/build/real_robot' returned '0': CMAKE_PREFIX_PATH=${CMAKE_PREFIX_PATH}:/opt/ros/humble /usr/bin/cmake --install /home/huy/Real_Robot/build/real_robot
